ggml_cuda_init: found 1 CUDA devices (Total VRAM: 14912 MiB):
  Device 0: Tesla T4, compute capability 7.5, VMM: yes, VRAM: 14912 MiB
common_download_file_single_online: HEAD failed, status: 404
no remote preset found, skipping
build_info: b8836-83d58e02f
system_info: n_threads = 1 (n_threads_batch = 1) / 2 | CUDA : ARCHS = 1200 | USE_GRAPHS = 1 | PEER_MAX_BATCH_SIZE = 128 | CPU : SSE3 = 1 | SSSE3 = 1 | AVX = 1 | AVX_VNNI = 1 | AVX2 = 1 | F16C = 1 | FMA = 1 | BMI2 = 1 | AVX512 = 1 | AVX512_VBMI = 1 | AVX512_VNNI = 1 | AVX512_BF16 = 1 | LLAMAFILE = 1 | OPENMP = 1 | REPACK = 1 | 
Running without SSL
init: using 5 threads for HTTP server
start: binding port with default address family
main: loading model
srv    load_model: loading model '/root/.cache/huggingface/hub/models--unsloth--gemma-4-26B-A4B-it-GGUF/snapshots/8bacec5c8e829a25502cdfe3c3f5b6aabee3218c/gemma-4-26B-A4B-it-UD-IQ4_XS.gguf'
common_init_result: fitting params to device memory, for bugs during this step try to reproduce them with -fit off, or provide --verbose logs if the bug only occurs with -fit on
llama_params_fit_impl: projected to use 14894 MiB of device memory vs. 14807 MiB of free device memory
llama_params_fit_impl: cannot meet free memory target of 1024 MiB, need to reduce device memory by 1110 MiB
llama_params_fit_impl: context size set by user to 65536 -> no change
llama_params_fit: failed to fit params to free device memory: n_gpu_layers already set by user to 999, abort
llama_params_fit: fitting params to free memory took 1.70 seconds
llama_model_load_from_file_impl: using device CUDA0 (Tesla T4) (0000:00:04.0) - 14807 MiB free
llama_model_loader: loaded meta data with 60 key-value pairs and 658 tensors from /root/.cache/huggingface/hub/models--unsloth--gemma-4-26B-A4B-it-GGUF/snapshots/8bacec5c8e829a25502cdfe3c3f5b6aabee3218c/gemma-4-26B-A4B-it-UD-IQ4_XS.gguf (version GGUF V3 (latest))
llama_model_loader: Dumping metadata keys/values. Note: KV overrides do not apply in this output.
llama_model_loader: - kv   0:                       general.architecture str              = gemma4
llama_model_loader: - kv   1:                               general.type str              = model
llama_model_loader: - kv   2:                     general.sampling.top_k i32              = 64
llama_model_loader: - kv   3:                     general.sampling.top_p f32              = 0.950000
llama_model_loader: - kv   4:                      general.sampling.temp f32              = 1.000000
llama_model_loader: - kv   5:                               general.name str              = Gemma-4-26B-A4B-It
llama_model_loader: - kv   6:                           general.finetune str              = it
llama_model_loader: - kv   7:                           general.basename str              = Gemma-4-26B-A4B-It
llama_model_loader: - kv   8:                       general.quantized_by str              = Unsloth
llama_model_loader: - kv   9:                         general.size_label str              = 26B-A4B
llama_model_loader: - kv  10:                            general.license str              = apache-2.0
llama_model_loader: - kv  11:                       general.license.link str              = https://ai.google.dev/gemma/docs/gemm...
llama_model_loader: - kv  12:                           general.repo_url str              = https://huggingface.co/unsloth
llama_model_loader: - kv  13:                   general.base_model.count u32              = 1
llama_model_loader: - kv  14:                  general.base_model.0.name str              = Gemma 4 26B A4B It
llama_model_loader: - kv  15:          general.base_model.0.organization str              = Google
llama_model_loader: - kv  16:              general.base_model.0.repo_url str              = https://huggingface.co/google/gemma-4...
llama_model_loader: - kv  17:                               general.tags arr[str,2]       = ["unsloth", "image-text-to-text"]
llama_model_loader: - kv  18:                         gemma4.block_count u32              = 30
llama_model_loader: - kv  19:                      gemma4.context_length u32              = 262144
llama_model_loader: - kv  20:                    gemma4.embedding_length u32              = 2816
llama_model_loader: - kv  21:                 gemma4.feed_forward_length u32              = 2112
llama_model_loader: - kv  22:                gemma4.attention.head_count u32              = 16
llama_model_loader: - kv  23:             gemma4.attention.head_count_kv arr[i32,30]      = [8, 8, 8, 8, 8, 2, 8, 8, 8, 8, 8, 2, ...
llama_model_loader: - kv  24:                      gemma4.rope.freq_base f32              = 1000000.000000
llama_model_loader: - kv  25:                  gemma4.rope.freq_base_swa f32              = 10000.000000
llama_model_loader: - kv  26:    gemma4.attention.layer_norm_rms_epsilon f32              = 0.000001
llama_model_loader: - kv  27:                        gemma4.expert_count u32              = 128
llama_model_loader: - kv  28:                   gemma4.expert_used_count u32              = 8
llama_model_loader: - kv  29:                gemma4.attention.key_length u32              = 512
llama_model_loader: - kv  30:              gemma4.attention.value_length u32              = 512
llama_model_loader: - kv  31:             gemma4.final_logit_softcapping f32              = 30.000000
llama_model_loader: - kv  32:            gemma4.attention.sliding_window u32              = 1024
llama_model_loader: - kv  33:          gemma4.attention.shared_kv_layers u32              = 0
llama_model_loader: - kv  34:    gemma4.embedding_length_per_layer_input u32              = 0
llama_model_loader: - kv  35:    gemma4.attention.sliding_window_pattern arr[bool,30]     = [true, true, true, true, true, false,...
llama_model_loader: - kv  36:            gemma4.attention.key_length_swa u32              = 256
llama_model_loader: - kv  37:          gemma4.attention.value_length_swa u32              = 256
llama_model_loader: - kv  38:          gemma4.expert_feed_forward_length u32              = 704
llama_model_loader: - kv  39:                gemma4.rope.dimension_count u32              = 512
llama_model_loader: - kv  40:            gemma4.rope.dimension_count_swa u32              = 256
llama_model_loader: - kv  41:                       tokenizer.ggml.model str              = gemma4
llama_model_loader: - kv  42:                      tokenizer.ggml.tokens arr[str,262144]  = ["<pad>", "<eos>", "<bos>", "<unk>", ...
llama_model_loader: - kv  43:                      tokenizer.ggml.scores arr[f32,262144]  = [-1000.000000, -1000.000000, -1000.00...
llama_model_loader: - kv  44:                  tokenizer.ggml.token_type arr[i32,262144]  = [3, 1, 3, 3, 3, 1, 1, 1, 1, 1, 1, 1, ...
llama_model_loader: - kv  45:                      tokenizer.ggml.merges arr[str,514906]  = ["\n\n\n\n\n\n\n\n\n\n\n\n\n\n\n\n\n\n\n\n\n\n\n\n\n\n\n\n\n\n \n", ...
llama_model_loader: - kv  46:                tokenizer.ggml.bos_token_id u32              = 2
llama_model_loader: - kv  47:                tokenizer.ggml.eos_token_id u32              = 106
llama_model_loader: - kv  48:            tokenizer.ggml.unknown_token_id u32              = 3
llama_model_loader: - kv  49:            tokenizer.ggml.padding_token_id u32              = 0
llama_model_loader: - kv  50:               tokenizer.ggml.mask_token_id u32              = 4
llama_model_loader: - kv  51:                    tokenizer.chat_template str              = {%- macro format_parameters(propertie...
llama_model_loader: - kv  52:            tokenizer.ggml.add_space_prefix bool             = false
llama_model_loader: - kv  53:               tokenizer.ggml.add_bos_token bool             = true
llama_model_loader: - kv  54:               general.quantization_version u32              = 2
llama_model_loader: - kv  55:                          general.file_type u32              = 30
llama_model_loader: - kv  56:                      quantize.imatrix.file str              = gemma-4-26B-A4B-it-GGUF/imatrix_unslo...
llama_model_loader: - kv  57:                   quantize.imatrix.dataset str              = unsloth_calibration_gemma-4-26B-A4B-i...
llama_model_loader: - kv  58:             quantize.imatrix.entries_count u32              = 295
llama_model_loader: - kv  59:              quantize.imatrix.chunks_count u32              = 141
llama_model_loader: - type  f32:  392 tensors
llama_model_loader: - type q8_0:  206 tensors
llama_model_loader: - type iq4_nl:   30 tensors
llama_model_loader: - type iq3_s:   30 tensors
print_info: file format = GGUF V3 (latest)
print_info: file type   = IQ4_XS - 4.25 bpw
print_info: file size   = 12.48 GiB (4.25 BPW) 
load: 0 unused tokens
load: control-looking token:    212 '</s>' was not control-type; this is probably a bug in the model. its type will be overridden
load: control-looking token:     50 '<|tool_response>' was not control-type; this is probably a bug in the model. its type will be overridden
load: control-looking token:      1 '<eos>' was not control-type; this is probably a bug in the model. its type will be overridden
load: printing all EOG tokens:
load:   - 1 ('<eos>')
load:   - 50 ('<|tool_response>')
load:   - 106 ('<turn|>')
load:   - 212 ('</s>')
load: special_eog_ids contains '<|tool_response>', removing '</s>' token from EOG list
load: special tokens cache size = 24
load: token to piece cache size = 1.9445 MB
print_info: arch                  = gemma4
print_info: vocab_only            = 0
print_info: no_alloc              = 0
print_info: n_ctx_train           = 262144
print_info: n_embd                = 2816
print_info: n_embd_inp            = 2816
print_info: n_layer               = 30
print_info: n_head                = 16
print_info: n_head_kv             = [8, 8, 8, 8, 8, 2, 8, 8, 8, 8, 8, 2, 8, 8, 8, 8, 8, 2, 8, 8, 8, 8, 8, 2, 8, 8, 8, 8, 8, 2]
print_info: n_rot                 = 512
print_info: n_swa                 = 1024
print_info: is_swa_any            = 1
print_info: n_embd_head_k         = 512
print_info: n_embd_head_v         = 512
print_info: n_gqa                 = [2, 2, 2, 2, 2, 8, 2, 2, 2, 2, 2, 8, 2, 2, 2, 2, 2, 8, 2, 2, 2, 2, 2, 8, 2, 2, 2, 2, 2, 8]
print_info: n_embd_k_gqa          = [2048, 2048, 2048, 2048, 2048, 1024, 2048, 2048, 2048, 2048, 2048, 1024, 2048, 2048, 2048, 2048, 2048, 1024, 2048, 2048, 2048, 2048, 2048, 1024, 2048, 2048, 2048, 2048, 2048, 1024]
print_info: n_embd_v_gqa          = [2048, 2048, 2048, 2048, 2048, 1024, 2048, 2048, 2048, 2048, 2048, 1024, 2048, 2048, 2048, 2048, 2048, 1024, 2048, 2048, 2048, 2048, 2048, 1024, 2048, 2048, 2048, 2048, 2048, 1024]
print_info: f_norm_eps            = 0.0e+00
print_info: f_norm_rms_eps        = 1.0e-06
print_info: f_clamp_kqv           = 0.0e+00
print_info: f_max_alibi_bias      = 0.0e+00
print_info: f_logit_scale         = 0.0e+00
print_info: f_attn_scale          = 1.0e+00
print_info: n_ff                  = 2112
print_info: n_expert              = 128
print_info: n_expert_used         = 8
print_info: n_expert_groups       = 0
print_info: n_group_used          = 0
print_info: causal attn           = 1
print_info: pooling type          = -1
print_info: rope type             = 2
print_info: rope scaling          = linear
print_info: freq_base_train       = 1000000.0
print_info: freq_scale_train      = 1
print_info: freq_base_swa         = 10000.0
print_info: freq_scale_swa        = 1
print_info: n_embd_head_k_swa     = 256
print_info: n_embd_head_v_swa     = 256
print_info: n_rot_swa             = 256
print_info: n_ctx_orig_yarn       = 262144
print_info: rope_yarn_log_mul     = 0.0000
print_info: rope_finetuned        = unknown
print_info: model type            = 26B.A4B
print_info: model params          = 25.23 B
print_info: general.name          = Gemma-4-26B-A4B-It
print_info: vocab type            = BPE
print_info: n_vocab               = 262144
print_info: n_merges              = 514906
print_info: BOS token             = 2 '<bos>'
print_info: EOS token             = 106 '<turn|>'
print_info: UNK token             = 3 '<unk>'
print_info: PAD token             = 0 '<pad>'
print_info: MASK token            = 4 '<mask>'
print_info: LF token              = 107 '
'
print_info: EOG token             = 1 '<eos>'
print_info: EOG token             = 50 '<|tool_response>'
print_info: EOG token             = 106 '<turn|>'
print_info: max token length      = 93
load_tensors: loading model tensors, this can take a while... (mmap = true, direct_io = false)
